Performing C SOURCE FILE Test CMAKE_HAVE_LIBC_PTHREAD failed with the following output:
Change Dir: /home/gonzalo/ProyectoInformatica/Code_test/CMakeFiles/CMakeTmp

Run Build Command(s):/usr/bin/gmake cmTC_bf52c/fast && /usr/bin/gmake -f CMakeFiles/cmTC_bf52c.dir/build.make CMakeFiles/cmTC_bf52c.dir/build
gmake[1]: Entering directory '/home/gonzalo/ProyectoInformatica/Code_test/CMakeFiles/CMakeTmp'
Building C object CMakeFiles/cmTC_bf52c.dir/src.c.o
/usr/bin/gcc   -DCMAKE_HAVE_LIBC_PTHREAD   -o CMakeFiles/cmTC_bf52c.dir/src.c.o   -c /home/gonzalo/ProyectoInformatica/Code_test/CMakeFiles/CMakeTmp/src.c
Linking C executable cmTC_bf52c
/usr/bin/cmake -E cmake_link_script CMakeFiles/cmTC_bf52c.dir/link.txt --verbose=1
/usr/bin/gcc  -DCMAKE_HAVE_LIBC_PTHREAD    -rdynamic CMakeFiles/cmTC_bf52c.dir/src.c.o  -o cmTC_bf52c 
/usr/bin/ld: CMakeFiles/cmTC_bf52c.dir/src.c.o: in function `main':
src.c:(.text+0x46): undefined reference to `pthread_create'
/usr/bin/ld: src.c:(.text+0x52): undefined reference to `pthread_detach'
/usr/bin/ld: src.c:(.text+0x63): undefined reference to `pthread_join'
collect2: error: ld returned 1 exit status
gmake[1]: *** [CMakeFiles/cmTC_bf52c.dir/build.make:87: cmTC_bf52c] Error 1
gmake[1]: Leaving directory '/home/gonzalo/ProyectoInformatica/Code_test/CMakeFiles/CMakeTmp'
gmake: *** [Makefile:121: cmTC_bf52c/fast] Error 2


Source file was:
#include <pthread.h>

void* test_func(void* data)
{
  return data;
}

int main(void)
{
  pthread_t thread;
  pthread_create(&thread, NULL, test_func, NULL);
  pthread_detach(thread);
  pthread_join(thread, NULL);
  pthread_atfork(NULL, NULL, NULL);
  pthread_exit(NULL);

  return 0;
}

Determining if the function pthread_create exists in the pthreads failed with the following output:
Change Dir: /home/gonzalo/ProyectoInformatica/Code_test/CMakeFiles/CMakeTmp

Run Build Command(s):/usr/bin/gmake cmTC_4325a/fast && /usr/bin/gmake -f CMakeFiles/cmTC_4325a.dir/build.make CMakeFiles/cmTC_4325a.dir/build
gmake[1]: Entering directory '/home/gonzalo/ProyectoInformatica/Code_test/CMakeFiles/CMakeTmp'
Building C object CMakeFiles/cmTC_4325a.dir/CheckFunctionExists.c.o
/usr/bin/gcc   -DCHECK_FUNCTION_EXISTS=pthread_create   -o CMakeFiles/cmTC_4325a.dir/CheckFunctionExists.c.o   -c /usr/share/cmake-3.16/Modules/CheckFunctionExists.c
Linking C executable cmTC_4325a
/usr/bin/cmake -E cmake_link_script CMakeFiles/cmTC_4325a.dir/link.txt --verbose=1
/usr/bin/gcc  -DCHECK_FUNCTION_EXISTS=pthread_create    -rdynamic CMakeFiles/cmTC_4325a.dir/CheckFunctionExists.c.o  -o cmTC_4325a  -lpthreads 
/usr/bin/ld: cannot find -lpthreads
collect2: error: ld returned 1 exit status
gmake[1]: *** [CMakeFiles/cmTC_4325a.dir/build.make:87: cmTC_4325a] Error 1
gmake[1]: Leaving directory '/home/gonzalo/ProyectoInformatica/Code_test/CMakeFiles/CMakeTmp'
gmake: *** [Makefile:121: cmTC_4325a/fast] Error 2



