Performing C SOURCE FILE Test CMAKE_HAVE_LIBC_PTHREAD failed with the following output:
Change Dir: /home/gonzalo/ProyectoInformatica/Proyecto/CMakeFiles/CMakeTmp

Run Build Command(s):/usr/bin/gmake cmTC_1cfad/fast && /usr/bin/gmake -f CMakeFiles/cmTC_1cfad.dir/build.make CMakeFiles/cmTC_1cfad.dir/build
gmake[1]: Entering directory '/home/gonzalo/ProyectoInformatica/Proyecto/CMakeFiles/CMakeTmp'
Building C object CMakeFiles/cmTC_1cfad.dir/src.c.o
/usr/bin/gcc   -DCMAKE_HAVE_LIBC_PTHREAD   -o CMakeFiles/cmTC_1cfad.dir/src.c.o   -c /home/gonzalo/ProyectoInformatica/Proyecto/CMakeFiles/CMakeTmp/src.c
Linking C executable cmTC_1cfad
/usr/bin/cmake -E cmake_link_script CMakeFiles/cmTC_1cfad.dir/link.txt --verbose=1
/usr/bin/gcc  -DCMAKE_HAVE_LIBC_PTHREAD    -rdynamic CMakeFiles/cmTC_1cfad.dir/src.c.o  -o cmTC_1cfad 
/usr/bin/ld: CMakeFiles/cmTC_1cfad.dir/src.c.o: in function `main':
src.c:(.text+0x46): undefined reference to `pthread_create'
/usr/bin/ld: src.c:(.text+0x52): undefined reference to `pthread_detach'
/usr/bin/ld: src.c:(.text+0x63): undefined reference to `pthread_join'
collect2: error: ld returned 1 exit status
gmake[1]: *** [CMakeFiles/cmTC_1cfad.dir/build.make:87: cmTC_1cfad] Error 1
gmake[1]: Leaving directory '/home/gonzalo/ProyectoInformatica/Proyecto/CMakeFiles/CMakeTmp'
gmake: *** [Makefile:121: cmTC_1cfad/fast] Error 2


Source file was:
#include <pthread.h>

void* test_func(void* data)
{
  return data;
}

int main(void)
{
  pthread_t thread;
  pthread_create(&thread, NULL, test_func, NULL);
  pthread_detach(thread);
  pthread_join(thread, NULL);
  pthread_atfork(NULL, NULL, NULL);
  pthread_exit(NULL);

  return 0;
}

Determining if the function pthread_create exists in the pthreads failed with the following output:
Change Dir: /home/gonzalo/ProyectoInformatica/Proyecto/CMakeFiles/CMakeTmp

Run Build Command(s):/usr/bin/gmake cmTC_b13df/fast && /usr/bin/gmake -f CMakeFiles/cmTC_b13df.dir/build.make CMakeFiles/cmTC_b13df.dir/build
gmake[1]: Entering directory '/home/gonzalo/ProyectoInformatica/Proyecto/CMakeFiles/CMakeTmp'
Building C object CMakeFiles/cmTC_b13df.dir/CheckFunctionExists.c.o
/usr/bin/gcc   -DCHECK_FUNCTION_EXISTS=pthread_create   -o CMakeFiles/cmTC_b13df.dir/CheckFunctionExists.c.o   -c /usr/share/cmake-3.16/Modules/CheckFunctionExists.c
Linking C executable cmTC_b13df
/usr/bin/cmake -E cmake_link_script CMakeFiles/cmTC_b13df.dir/link.txt --verbose=1
/usr/bin/gcc  -DCHECK_FUNCTION_EXISTS=pthread_create    -rdynamic CMakeFiles/cmTC_b13df.dir/CheckFunctionExists.c.o  -o cmTC_b13df  -lpthreads 
/usr/bin/ld: cannot find -lpthreads
collect2: error: ld returned 1 exit status
gmake[1]: *** [CMakeFiles/cmTC_b13df.dir/build.make:87: cmTC_b13df] Error 1
gmake[1]: Leaving directory '/home/gonzalo/ProyectoInformatica/Proyecto/CMakeFiles/CMakeTmp'
gmake: *** [Makefile:121: cmTC_b13df/fast] Error 2



