Performing C SOURCE FILE Test CMAKE_HAVE_LIBC_PTHREAD failed with the following output:
Change Dir: /home/gonzalo/ProyectoInformatica/Proyecto/Build/CMakeFiles/CMakeTmp

Run Build Command(s):/usr/bin/gmake cmTC_d2dec/fast && /usr/bin/gmake -f CMakeFiles/cmTC_d2dec.dir/build.make CMakeFiles/cmTC_d2dec.dir/build
gmake[1]: Entering directory '/home/gonzalo/ProyectoInformatica/Proyecto/Build/CMakeFiles/CMakeTmp'
Building C object CMakeFiles/cmTC_d2dec.dir/src.c.o
/usr/bin/gcc   -DCMAKE_HAVE_LIBC_PTHREAD   -o CMakeFiles/cmTC_d2dec.dir/src.c.o   -c /home/gonzalo/ProyectoInformatica/Proyecto/Build/CMakeFiles/CMakeTmp/src.c
Linking C executable cmTC_d2dec
/usr/bin/cmake -E cmake_link_script CMakeFiles/cmTC_d2dec.dir/link.txt --verbose=1
/usr/bin/gcc  -DCMAKE_HAVE_LIBC_PTHREAD    -rdynamic CMakeFiles/cmTC_d2dec.dir/src.c.o  -o cmTC_d2dec 
/usr/bin/ld: CMakeFiles/cmTC_d2dec.dir/src.c.o: in function `main':
src.c:(.text+0x46): undefined reference to `pthread_create'
/usr/bin/ld: src.c:(.text+0x52): undefined reference to `pthread_detach'
/usr/bin/ld: src.c:(.text+0x63): undefined reference to `pthread_join'
collect2: error: ld returned 1 exit status
gmake[1]: *** [CMakeFiles/cmTC_d2dec.dir/build.make:87: cmTC_d2dec] Error 1
gmake[1]: Leaving directory '/home/gonzalo/ProyectoInformatica/Proyecto/Build/CMakeFiles/CMakeTmp'
gmake: *** [Makefile:121: cmTC_d2dec/fast] Error 2


Source file was:
#include <pthread.h>

void* test_func(void* data)
{
  return data;
}

int main(void)
{
  pthread_t thread;
  pthread_create(&thread, NULL, test_func, NULL);
  pthread_detach(thread);
  pthread_join(thread, NULL);
  pthread_atfork(NULL, NULL, NULL);
  pthread_exit(NULL);

  return 0;
}

Determining if the function pthread_create exists in the pthreads failed with the following output:
Change Dir: /home/gonzalo/ProyectoInformatica/Proyecto/Build/CMakeFiles/CMakeTmp

Run Build Command(s):/usr/bin/gmake cmTC_1c8aa/fast && /usr/bin/gmake -f CMakeFiles/cmTC_1c8aa.dir/build.make CMakeFiles/cmTC_1c8aa.dir/build
gmake[1]: Entering directory '/home/gonzalo/ProyectoInformatica/Proyecto/Build/CMakeFiles/CMakeTmp'
Building C object CMakeFiles/cmTC_1c8aa.dir/CheckFunctionExists.c.o
/usr/bin/gcc   -DCHECK_FUNCTION_EXISTS=pthread_create   -o CMakeFiles/cmTC_1c8aa.dir/CheckFunctionExists.c.o   -c /usr/share/cmake-3.16/Modules/CheckFunctionExists.c
Linking C executable cmTC_1c8aa
/usr/bin/cmake -E cmake_link_script CMakeFiles/cmTC_1c8aa.dir/link.txt --verbose=1
/usr/bin/gcc  -DCHECK_FUNCTION_EXISTS=pthread_create    -rdynamic CMakeFiles/cmTC_1c8aa.dir/CheckFunctionExists.c.o  -o cmTC_1c8aa  -lpthreads 
/usr/bin/ld: cannot find -lpthreads
collect2: error: ld returned 1 exit status
gmake[1]: *** [CMakeFiles/cmTC_1c8aa.dir/build.make:87: cmTC_1c8aa] Error 1
gmake[1]: Leaving directory '/home/gonzalo/ProyectoInformatica/Proyecto/Build/CMakeFiles/CMakeTmp'
gmake: *** [Makefile:121: cmTC_1c8aa/fast] Error 2



